<?xml version="1.0" encoding="utf-8"?>
<!DOCTYPE coverage SYSTEM "http://cobertura.sourceforge.net/xml/coverage-04.dtd">
<coverage line-rate="0.0450980392156863" branch-rate="0.00833333333333333" lines-covered="230" lines-valid="5100" branches-covered="66" branches-valid="7920" complexity="8496" version="0" timestamp="1744962589">
  <sources />
  <packages>
    <package name="FluentValidation" line-rate="0.040419544640573" branch-rate="0.00801655029738816" complexity="8234">
      <classes>
        <class name="FluentValidation.AbstractValidator.&lt;&gt;c__DisplayClass10_0&lt;T&gt;" filename="/_/src/FluentValidation/AbstractValidator.cs" line-rate="1" branch-rate="1" complexity="NaN">
          <methods />
          <lines />
        </class>
        <class name="FluentValidation.AbstractValidator.&lt;&gt;c__DisplayClass13_0&lt;T&gt;" filename="/_/src/FluentValidation/AbstractValidator.cs" line-rate="1" branch-rate="1" complexity="NaN">
          <methods />
          <lines />
        </class>
        <class name="FluentValidation.AbstractValidator.&lt;&gt;c__DisplayClass30_0&lt;T&gt;" filename="/_/src/FluentValidation/AbstractValidator.cs" line-rate="1" branch-rate="1" complexity="NaN">
          <methods />
          <lines />
        </class>
        <class name="FluentValidation.AbstractValidator.&lt;&gt;c__DisplayClass31_0&lt;T&gt;" filename="/_/src/FluentValidation/AbstractValidator.cs" line-rate="1" branch-rate="1" complexity="NaN">
          <methods />
          <lines />
        </class>
        <class name="FluentValidation.AbstractValidator.&lt;&gt;c__DisplayClass33_0&lt;T&gt;" filename="/_/src/FluentValidation/AbstractValidator.cs" line-rate="1" branch-rate="1" complexity="NaN">
          <methods />
          <lines />
        </class>
        <class name="FluentValidation.AbstractValidator.&lt;&gt;c__DisplayClass35_0&lt;T&gt;" filename="/_/src/FluentValidation/AbstractValidator.cs" line-rate="1" branch-rate="1" complexity="NaN">
          <methods />
          <lines />
        </class>
        <class name="FluentValidation.AbstractValidator.&lt;&gt;c__DisplayClass37_0&lt;T&gt;" filename="/_/src/FluentValidation/AbstractValidator.cs" line-rate="1" branch-rate="1" complexity="NaN">
          <methods />
          <lines />
        </class>
        <class name="FluentValidation.AbstractValidator.&lt;&gt;c&lt;T&gt;" filename="/_/src/FluentValidation/AbstractValidator.cs" line-rate="1" branch-rate="1" complexity="NaN">
          <methods />
          <lines />
        </class>
        <class name="FluentValidation.AbstractValidator.&lt;ValidateAsync&gt;d__19&lt;T&gt;" filename="/_/src/FluentValidation/AbstractValidator.cs" line-rate="1" branch-rate="1" complexity="2">
          <methods>
            <method name="MoveNext" signature="()" line-rate="1" branch-rate="1" complexity="2">
              <lines />
            </method>
          </methods>
          <lines />
        </class>
        <class name="FluentValidation.AbstractValidator.&lt;ValidateInternalAsync&gt;d__20&lt;T&gt;" filename="/_/src/FluentValidation/AbstractValidator.cs" line-rate="1" branch-rate="1" complexity="16">
          <methods>
            <method name="MoveNext" signature="()" line-rate="1" branch-rate="1" complexity="16">
              <lines />
            </method>
          </methods>
          <lines />
        </class>
        <class name="FluentValidation.AbstractValidator&lt;T&gt;" filename="/_/src/FluentValidation/AbstractValidator.cs" line-rate="1" branch-rate="1" complexity="59">
          <methods>
            <method name="get_Rules" signature="()" line-rate="1" branch-rate="1" complexity="1">
              <lines />
            </method>
            <method name="get_CascadeMode" signature="()" line-rate="1" branch-rate="1" complexity="6">
              <lines />
            </method>
            <method name="set_CascadeMode" signature="(...)" line-rate="1" branch-rate="1" complexity="4">
              <lines />
            </method>
            <method name="get_ClassLevelCascadeMode" signature="()" line-rate="1" branch-rate="1" complexity="1">
              <lines />
            </method>
            <method name="set_ClassLevelCascadeMode" signature="(...)" line-rate="1" branch-rate="1" complexity="4">
              <lines />
            </method>
            <method name="get_RuleLevelCascadeMode" signature="()" line-rate="1" branch-rate="1" complexity="1">
              <lines />
            </method>
            <method name="set_RuleLevelCascadeMode" signature="(...)" line-rate="1" branch-rate="1" complexity="4">
              <lines />
            </method>
            <method name="FluentValidation.IValidator.Validate" signature="(...)" line-rate="1" branch-rate="1" complexity="1">
              <lines />
            </method>
            <method name="FluentValidation.IValidator.ValidateAsync" signature="(...)" line-rate="1" branch-rate="1" complexity="1">
              <lines />
            </method>
            <method name="Validate" signature="(...)" line-rate="1" branch-rate="1" complexity="1">
              <lines />
            </method>
            <method name="ValidateAsync" signature="(...)" line-rate="1" branch-rate="1" complexity="1">
              <lines />
            </method>
            <method name="Validate" signature="(...)" line-rate="1" branch-rate="1" complexity="2">
              <lines />
            </method>
            <method name="SetExecutedRuleSets" signature="(...)" line-rate="1" branch-rate="1" complexity="2">
              <lines />
            </method>
            <method name="CreateDescriptor" signature="()" line-rate="1" branch-rate="1" complexity="1">
              <lines />
            </method>
            <method name="FluentValidation.IValidator.CanValidateInstancesOfType" signature="(...)" line-rate="1" branch-rate="1" complexity="2">
              <lines />
            </method>
            <method name="RuleFor&lt;TProperty&gt;" signature="(...)" line-rate="1" branch-rate="1" complexity="1">
              <lines />
            </method>
            <method name="Transform&lt;TProperty, TTransformed&gt;" signature="(...)" line-rate="1" branch-rate="1" complexity="1">
              <lines />
            </method>
            <method name="Transform&lt;TProperty, TTransformed&gt;" signature="(...)" line-rate="1" branch-rate="1" complexity="1">
              <lines />
            </method>
            <method name="RuleForEach&lt;TElement&gt;" signature="(...)" line-rate="1" branch-rate="1" complexity="1">
              <lines />
            </method>
            <method name="TransformForEach&lt;TElement, TTransformed&gt;" signature="(...)" line-rate="1" branch-rate="1" complexity="1">
              <lines />
            </method>
            <method name="TransformForEach&lt;TElement, TTransformed&gt;" signature="(...)" line-rate="1" branch-rate="1" complexity="1">
              <lines />
            </method>
            <method name="RuleSet" signature="(...)" line-rate="1" branch-rate="1" complexity="2">
              <lines />
            </method>
            <method name="When" signature="(...)" line-rate="1" branch-rate="1" complexity="1">
              <lines />
            </method>
            <method name="When" signature="(...)" line-rate="1" branch-rate="1" complexity="1">
              <lines />
            </method>
            <method name="Unless" signature="(...)" line-rate="1" branch-rate="1" complexity="1">
              <lines />
            </method>
            <method name="Unless" signature="(...)" line-rate="1" branch-rate="1" complexity="1">
              <lines />
            </method>
            <method name="WhenAsync" signature="(...)" line-rate="1" branch-rate="1" complexity="1">
              <lines />
            </method>
            <method name="WhenAsync" signature="(...)" line-rate="1" branch-rate="1" complexity="1">
              <lines />
            </method>
            <method name="UnlessAsync" signature="(...)" line-rate="1" branch-rate="1" complexity="1">
              <lines />
            </method>
            <method name="UnlessAsync" signature="(...)" line-rate="1" branch-rate="1" complexity="1">
              <lines />
            </method>
            <method name="Include" signature="(...)" line-rate="1" branch-rate="1" complexity="1">
              <lines />
            </method>
            <method name="Include&lt;TValidator&gt;" signature="(...)" line-rate="1" branch-rate="1" complexity="1">
              <lines />
            </method>
            <method name="GetEnumerator" signature="()" line-rate="1" branch-rate="1" complexity="1">
              <lines />
            </method>
            <method name="System.Collections.IEnumerable.GetEnumerator" signature="()" line-rate="1" branch-rate="1" complexity="1">
              <lines />
            </method>
            <method name="EnsureInstanceNotNull" signature="(...)" line-rate="1" branch-rate="1" complexity="1">
              <lines />
            </method>
            <method name="PreValidate" signature="(...)" line-rate="1" branch-rate="1" complexity="1">
              <lines />
            </method>
            <method name="RaiseValidationException" signature="(...)" line-rate="1" branch-rate="1" complexity="1">
              <lines />
            </method>
            <method name=".ctor" signature="()" line-rate="1" branch-rate="1" complexity="4">
              <lines />
            </method>
          </methods>
          <lines />
        </class>
        <class name="FluentValidation.AssemblyScanner" filename="/_/src/FluentValidation/AssemblyScanner.cs" line-rate="1" branch-rate="1" complexity="25">
          <methods>
            <method name=".ctor" signature="(...)" line-rate="1" branch-rate="1" complexity="1">
              <lines />
            </method>
            <method name="FindValidatorsInAssembly" signature="(...)" line-rate="1" branch-rate="1" complexity="2">
              <lines />
            </method>
            <method name="FindValidatorsInAssemblies" signature="(...)" line-rate="1" branch-rate="1" complexity="1">
              <lines />
            </method>
            <method name="FindValidatorsInAssemblyContaining&lt;T&gt;" signature="()" line-rate="1" branch-rate="1" complexity="1">
              <lines />
            </method>
            <method name="FindValidatorsInAssemblyContaining" signature="(...)" line-rate="1" branch-rate="1" complexity="1">
              <lines />
            </method>
            <method name="Execute" signature="()" line-rate="1" branch-rate="1" complexity="10">
              <lines />
            </method>
            <method name="ForEach" signature="(...)" line-rate="1" branch-rate="1" complexity="2">
              <lines />
            </method>
            <method name="GetEnumerator" signature="()" line-rate="1" branch-rate="1" complexity="1">
              <lines />
            </method>
            <method name="System.Collections.IEnumerable.GetEnumerator" signature="()" line-rate="1" branch-rate="1" complexity="1">
              <lines />
            </method>
            <method name=".ctor" signature="(...)" line-rate="1" branch-rate="1" complexity="1">
              <lines />
            </method>
            <method name="get_InterfaceType" signature="()" line-rate="1" branch-rate="1" complexity="1">
              <lines />
            </method>
            <method name="set_InterfaceType" signature="(...)" line-rate="1" branch-rate="1" complexity="1">
              <lines />
            </method>
            <method name="get_ValidatorType" signature="()" line-rate="1" branch-rate="1" complexity="1">
              <lines />
            </method>
            <method name="set_ValidatorType" signature="(...)" line-rate="1" branch-rate="1" complexity="1">
              <lines />
            </method>
          </methods>
          <lines />
        </class>
        <class name="FluentValidation.AssemblyScanner.AssemblyScanResult" filename="/_/src/FluentValidation/AssemblyScanner.cs" line-rate="1" branch-rate="1" complexity="5">
          <methods>
            <method name=".ctor" signature="(...)" line-rate="1" branch-rate="1" complexity="1">
              <lines />
            </method>
            <method name="get_InterfaceType" signature="()" line-rate="1" branch-rate="1" complexity="1">
              <lines />
            </method>
            <method name="set_InterfaceType" signature="(...)" line-rate="1" branch-rate="1" complexity="1">
              <lines />
            </method>
            <method name="get_ValidatorType" signature="()" line-rate="1" branch-rate="1" complexity="1">
              <lines />
            </method>
            <method name="set_ValidatorType" signature="(...)" line-rate="1" branch-rate="1" complexity="1">
              <lines />
            </method>
          </methods>
          <lines />
        </class>
        <class name="FluentValidation.AsyncValidatorInvokedSynchronouslyException" filename="/_/src/FluentValidation/AsyncValidatorInvokedSynchronouslyException.cs" line-rate="1" branch-rate="1" complexity="6">
          <methods>
            <method name="get_ValidatorType" signature="()" line-rate="1" branch-rate="1" complexity="1">
              <lines />
            </method>
            <method name=".ctor" signature="()" line-rate="1" branch-rate="1" complexity="1">
              <lines />
            </method>
            <method name=".ctor" signature="(...)" line-rate="1" branch-rate="1" complexity="1">
              <lines />
            </method>
            <method name=".ctor" signature="(...)" line-rate="1" branch-rate="1" complexity="1">
              <lines />
            </method>
            <method name="BuildMessage" signature="(...)" line-rate="1" branch-rate="1" complexity="2">
              <lines />
            </method>
          </methods>
          <lines />
        </class>
        <class name="FluentValidation.DefaultValidatorExtensions" filename="/_/src/FluentValidation/DefaultValidatorExtensions.cs" line-rate="1" branch-rate="1" complexity="93">
          <methods>
            <method name="SetValidator&lt;T, TProperty&gt;" signature="(...)" line-rate="1" branch-rate="1" complexity="1">
              <lines />
            </method>
            <method name="SetAsyncValidator&lt;T, TProperty&gt;" signature="(...)" line-rate="1" branch-rate="1" complexity="1">
              <lines />
            </method>
            <method name="NotNull&lt;T, TProperty&gt;" signature="(...)" line-rate="1" branch-rate="1" complexity="1">
              <lines />
            </method>
            <method name="Null&lt;T, TProperty&gt;" signature="(...)" line-rate="1" branch-rate="1" complexity="1">
              <lines />
            </method>
            <method name="NotEmpty&lt;T, TProperty&gt;" signature="(...)" line-rate="1" branch-rate="1" complexity="1">
              <lines />
            </method>
            <method name="Empty&lt;T, TProperty&gt;" signature="(...)" line-rate="1" branch-rate="1" complexity="1">
              <lines />
            </method>
            <method name="Length&lt;T&gt;" signature="(...)" line-rate="1" branch-rate="1" complexity="1">
              <lines />
            </method>
            <method name="Length&lt;T&gt;" signature="(...)" line-rate="1" branch-rate="1" complexity="1">
              <lines />
            </method>
            <method name="Length&lt;T&gt;" signature="(...)" line-rate="1" branch-rate="1" complexity="1">
              <lines />
            </method>
            <method name="Length&lt;T&gt;" signature="(...)" line-rate="1" branch-rate="1" complexity="1">
              <lines />
            </method>
            <method name="Matches&lt;T&gt;" signature="(...)" line-rate="1" branch-rate="1" complexity="1">
              <lines />
            </method>
            <method name="MaximumLength&lt;T&gt;" signature="(...)" line-rate="1" branch-rate="1" complexity="1">
              <lines />
            </method>
            <method name="MinimumLength&lt;T&gt;" signature="(...)" line-rate="1" branch-rate="1" complexity="1">
              <lines />
            </method>
            <method name="Matches&lt;T&gt;" signature="(...)" line-rate="1" branch-rate="1" complexity="1">
              <lines />
            </method>
            <method name="Matches&lt;T&gt;" signature="(...)" line-rate="1" branch-rate="1" complexity="1">
              <lines />
            </method>
            <method name="Matches&lt;T&gt;" signature="(...)" line-rate="1" branch-rate="1" complexity="1">
              <lines />
            </method>
            <method name="Matches&lt;T&gt;" signature="(...)" line-rate="1" branch-rate="1" complexity="1">
              <lines />
            </method>
            <method name="Matches&lt;T&gt;" signature="(...)" line-rate="1" branch-rate="1" complexity="1">
              <lines />
            </method>
            <method name="EmailAddress&lt;T&gt;" signature="(...)" line-rate="1" branch-rate="1" complexity="2">
              <lines />
            </method>
            <method name="NotEqual&lt;T, TProperty&gt;" signature="(...)" line-rate="1" branch-rate="1" complexity="1">
              <lines />
            </method>
            <method name="NotEqual&lt;T&gt;" signature="(...)" line-rate="1" branch-rate="1" complexity="2">
              <lines />
            </method>
            <method name="NotEqual&lt;T, TProperty&gt;" signature="(...)" line-rate="1" branch-rate="1" complexity="1">
              <lines />
            </method>
            <method name="NotEqual&lt;T&gt;" signature="(...)" line-rate="1" branch-rate="1" complexity="2">
              <lines />
            </method>
            <method name="Equal&lt;T, TProperty&gt;" signature="(...)" line-rate="1" branch-rate="1" complexity="1">
              <lines />
            </method>
            <method name="Equal&lt;T&gt;" signature="(...)" line-rate="1" branch-rate="1" complexity="2">
              <lines />
            </method>
            <method name="Equal&lt;T, TProperty&gt;" signature="(...)" line-rate="1" branch-rate="1" complexity="1">
              <lines />
            </method>
            <method name="Equal&lt;T&gt;" signature="(...)" line-rate="1" branch-rate="1" complexity="2">
              <lines />
            </method>
            <method name="Must&lt;T, TProperty&gt;" signature="(...)" line-rate="1" branch-rate="1" complexity="1">
              <lines />
            </method>
            <method name="Must&lt;T, TProperty&gt;" signature="(...)" line-rate="1" branch-rate="1" complexity="1">
              <lines />
            </method>
            <method name="Must&lt;T, TProperty&gt;" signature="(...)" line-rate="1" branch-rate="1" complexity="1">
              <lines />
            </method>
            <method name="MustAsync&lt;T, TProperty&gt;" signature="(...)" line-rate="1" branch-rate="1" complexity="1">
              <lines />
            </method>
            <method name="MustAsync&lt;T, TProperty&gt;" signature="(...)" line-rate="1" branch-rate="1" complexity="1">
              <lines />
            </method>
            <method name="MustAsync&lt;T, TProperty&gt;" signature="(...)" line-rate="1" branch-rate="1" complexity="1">
              <lines />
            </method>
            <method name="LessThan&lt;T, TProperty&gt;" signature="(...)" line-rate="1" branch-rate="1" complexity="1">
              <lines />
            </method>
            <method name="LessThan&lt;T, TProperty&gt;" signature="(...)" line-rate="1" branch-rate="1" complexity="1">
              <lines />
            </method>
            <method name="LessThanOrEqualTo&lt;T, TProperty&gt;" signature="(...)" line-rate="1" branch-rate="1" complexity="1">
              <lines />
            </method>
            <method name="LessThanOrEqualTo&lt;T, TProperty&gt;" signature="(...)" line-rate="1" branch-rate="1" complexity="1">
              <lines />
            </method>
            <method name="GreaterThan&lt;T, TProperty&gt;" signature="(...)" line-rate="1" branch-rate="1" complexity="1">
              <lines />
            </method>
            <method name="GreaterThan&lt;T, TProperty&gt;" signature="(...)" line-rate="1" branch-rate="1" complexity="1">
              <lines />
            </method>
            <method name="GreaterThanOrEqualTo&lt;T, TProperty&gt;" signature="(...)" line-rate="1" branch-rate="1" complexity="1">
              <lines />
            </method>
            <method name="GreaterThanOrEqualTo&lt;T, TProperty&gt;" signature="(...)" line-rate="1" branch-rate="1" complexity="1">
              <lines />
            </method>
            <method name="LessThan&lt;T, TProperty&gt;" signature="(...)" line-rate="1" branch-rate="1" complexity="1">
              <lines />
            </method>
            <method name="LessThan&lt;T, TProperty&gt;" signature="(...)" line-rate="1" branch-rate="1" complexity="1">
              <lines />
            </method>
            <method name="LessThan&lt;T, TProperty&gt;" signature="(...)" line-rate="1" branch-rate="1" complexity="1">
              <lines />
            </method>
            <method name="LessThan&lt;T, TProperty&gt;" signature="(...)" line-rate="1" branch-rate="1" complexity="1">
              <lines />
            </method>
            <method name="LessThanOrEqualTo&lt;T, TProperty&gt;" signature="(...)" line-rate="1" branch-rate="1" complexity="1">
              <lines />
            </method>
            <method name="LessThanOrEqualTo&lt;T, TProperty&gt;" signature="(...)" line-rate="1" branch-rate="1" complexity="1">
              <lines />
            </method>
            <method name="LessThanOrEqualTo&lt;T, TProperty&gt;" signature="(...)" line-rate="1" branch-rate="1" complexity="1">
              <lines />
            </method>
            <method name="LessThanOrEqualTo&lt;T, TProperty&gt;" signature="(...)" line-rate="1" branch-rate="1" complexity="1">
              <lines />
            </method>
            <method name="GreaterThan&lt;T, TProperty&gt;" signature="(...)" line-rate="1" branch-rate="1" complexity="1">
              <lines />
            </method>
            <method name="GreaterThan&lt;T, TProperty&gt;" signature="(...)" line-rate="1" branch-rate="1" complexity="1">
              <lines />
            </method>
            <method name="GreaterThan&lt;T, TProperty&gt;" signature="(...)" line-rate="1" branch-rate="1" complexity="1">
              <lines />
            </method>
            <method name="GreaterThan&lt;T, TProperty&gt;" signature="(...)" line-rate="1" branch-rate="1" complexity="1">
              <lines />
            </method>
            <method name="GreaterThanOrEqualTo&lt;T, TProperty&gt;" signature="(...)" line-rate="1" branch-rate="1" complexity="1">
              <lines />
            </method>
            <method name="GreaterThanOrEqualTo&lt;T, TProperty&gt;" signature="(...)" line-rate="1" branch-rate="1" complexity="1">
              <lines />
            </method>
            <method name="GreaterThanOrEqualTo&lt;T, TProperty&gt;" signature="(...)" line-rate="1" branch-rate="1" complexity="1">
              <lines />
            </method>
            <method name="GreaterThanOrEqualTo&lt;T, TProperty&gt;" signature="(...)" line-rate="1" branch-rate="1" complexity="1">
              <lines />
            </method>
            <method name="InclusiveBetween&lt;T, TProperty&gt;" signature="(...)" line-rate="1" branch-rate="1" complexity="1">
              <lines />
            </method>
            <method name="InclusiveBetween&lt;T, TProperty&gt;" signature="(...)" line-rate="1" branch-rate="1" complexity="1">
              <lines />
            </method>
            <method name="InclusiveBetween&lt;T, TProperty&gt;" signature="(...)" line-rate="1" branch-rate="1" complexity="1">
              <lines />
            </method>
            <method name="ExclusiveBetween&lt;T, TProperty&gt;" signature="(...)" line-rate="1" branch-rate="1" complexity="1">
              <lines />
            </method>
            <method name="ExclusiveBetween&lt;T, TProperty&gt;" signature="(...)" line-rate="1" branch-rate="1" complexity="1">
              <lines />
            </method>
            <method name="ExclusiveBetween&lt;T, TProperty&gt;" signature="(...)" line-rate="1" branch-rate="1" complexity="1">
              <lines />
            </method>
            <method name="CreditCard&lt;T&gt;" signature="(...)" line-rate="1" branch-rate="1" complexity="1">
              <lines />
            </method>
            <method name="IsInEnum&lt;T, TProperty&gt;" signature="(...)" line-rate="1" branch-rate="1" complexity="1">
              <lines />
            </method>
            <method name="ScalePrecision&lt;T&gt;" signature="(...)" line-rate="1" branch-rate="1" complexity="1">
              <lines />
            </method>
            <method name="ScalePrecision&lt;T&gt;" signature="(...)" line-rate="1" branch-rate="1" complexity="1">
              <lines />
            </method>
            <method name="PrecisionScale&lt;T&gt;" signature="(...)" line-rate="1" branch-rate="1" complexity="1">
              <lines />
            </method>
            <method name="PrecisionScale&lt;T&gt;" signature="(...)" line-rate="1" branch-rate="1" complexity="1">
              <lines />
            </method>
            <method name="Custom&lt;T, TProperty&gt;" signature="(...)" line-rate="1" branch-rate="1" complexity="2">
              <lines />
            </method>
            <method name="CustomAsync&lt;T, TProperty&gt;" signature="(...)" line-rate="1" branch-rate="1" complexity="2">
              <lines />
            </method>
            <method name="ForEach&lt;T, TElement&gt;" signature="(...)" line-rate="1" branch-rate="1" complexity="1">
              <lines />
            </method>
            <method name="IsEnumName&lt;T&gt;" signature="(...)" line-rate="1" branch-rate="1" complexity="1">
              <lines />
            </method>
            <method name="ChildRules&lt;T, TProperty&gt;" signature="(...)" line-rate="1" branch-rate="1" complexity="6">
              <lines />
            </method>
            <method name="SetInheritanceValidator&lt;T, TProperty&gt;" signature="(...)" line-rate="1" branch-rate="1" complexity="2">
              <lines />
            </method>
            <method name="GetDisplayName&lt;T, TProperty&gt;" signature="(...)" line-rate="1" branch-rate="1" complexity="4">
              <lines />
            </method>
            <method name="MoveNext" signature="()" line-rate="1" branch-rate="1" complexity="1">
              <lines />
            </method>
          </methods>
          <lines />
        </class>
        <class name="FluentValidation.DefaultValidatorExtensions" filename="/_/src/FluentValidation/DefaultValidatorExtensions_Validate.cs" line-rate="1" branch-rate="1" complexity="6">
          <methods>
            <method name="Validate&lt;T&gt;" signature="(...)" line-rate="1" branch-rate="1" complexity="1">
              <lines />
            </method>
            <method name="ValidateAsync&lt;T&gt;" signature="(...)" line-rate="1" branch-rate="1" complexity="1">
              <lines />
            </method>
            <method name="ValidateAndThrow&lt;T&gt;" signature="(...)" line-rate="1" branch-rate="1" complexity="2">
              <lines />
            </method>
            <method name="MoveNext" signature="()" line-rate="1" branch-rate="1" complexity="2">
              <lines />
            </method>
          </methods>
          <lines />
        </class>
        <class name="FluentValidation.DefaultValidatorExtensions.&lt;&gt;c__78&lt;T&gt;" filename="/_/src/FluentValidation/DefaultValidatorExtensions_Validate.cs" line-rate="1" branch-rate="1" complexity="NaN">
          <methods />
          <lines />
        </class>
        <class name="FluentValidation.DefaultValidatorExtensions.&lt;&gt;c__79&lt;T&gt;" filename="/_/src/FluentValidation/DefaultValidatorExtensions_Validate.cs" line-rate="1" branch-rate="1" complexity="NaN">
          <methods />
          <lines />
        </class>
        <class name="FluentValidation.DefaultValidatorExtensions.&lt;&gt;c__DisplayClass27_0&lt;T, TProperty&gt;" filename="/_/src/FluentValidation/DefaultValidatorExtensions.cs" line-rate="1" branch-rate="1" complexity="NaN">
          <methods />
          <lines />
        </class>
        <class name="FluentValidation.DefaultValidatorExtensions.&lt;&gt;c__DisplayClass28_0&lt;T, TProperty&gt;" filename="/_/src/FluentValidation/DefaultValidatorExtensions.cs" line-rate="1" branch-rate="1" complexity="NaN">
          <methods />
          <lines />
        </class>
        <class name="FluentValidation.DefaultValidatorExtensions.&lt;&gt;c__DisplayClass29_0&lt;T, TProperty&gt;" filename="/_/src/FluentValidation/DefaultValidatorExtensions.cs" line-rate="1" branch-rate="1" complexity="NaN">
          <methods />
          <lines />
        </class>
        <class name="FluentValidation.DefaultValidatorExtensions.&lt;&gt;c__DisplayClass30_0&lt;T, TProperty&gt;" filename="/_/src/FluentValidation/DefaultValidatorExtensions.cs" line-rate="1" branch-rate="1" complexity="NaN">
          <methods />
          <lines />
        </class>
        <class name="FluentValidation.DefaultValidatorExtensions.&lt;&gt;c__DisplayClass31_0&lt;T, TProperty&gt;" filename="/_/src/FluentValidation/DefaultValidatorExtensions.cs" line-rate="1" branch-rate="1" complexity="NaN">
          <methods />
          <lines />
        </class>
        <class name="FluentValidation.DefaultValidatorExtensions.&lt;&gt;c__DisplayClass42_0&lt;T, TProperty&gt;" filename="/_/src/FluentValidation/DefaultValidatorExtensions.cs" line-rate="1" branch-rate="1" complexity="NaN">
          <methods />
          <lines />
        </class>
        <class name="FluentValidation.DefaultValidatorExtensions.&lt;&gt;c__DisplayClass44_0&lt;T, TProperty&gt;" filename="/_/src/FluentValidation/DefaultValidatorExtensions.cs" line-rate="1" branch-rate="1" complexity="NaN">
          <methods />
          <lines />
        </class>
        <class name="FluentValidation.DefaultValidatorExtensions.&lt;&gt;c__DisplayClass45_0&lt;T, TProperty&gt;" filename="/_/src/FluentValidation/DefaultValidatorExtensions.cs" line-rate="1" branch-rate="1" complexity="NaN">
          <methods />
          <lines />
        </class>
        <class name="FluentValidation.DefaultValidatorExtensions.&lt;&gt;c__DisplayClass46_0&lt;T, TProperty&gt;" filename="/_/src/FluentValidation/DefaultValidatorExtensions.cs" line-rate="1" branch-rate="1" complexity="NaN">
          <methods />
          <lines />
        </class>
        <class name="FluentValidation.DefaultValidatorExtensions.&lt;&gt;c__DisplayClass48_0&lt;T, TProperty&gt;" filename="/_/src/FluentValidation/DefaultValidatorExtensions.cs" line-rate="1" branch-rate="1" complexity="NaN">
          <methods />
          <lines />
        </class>
        <class name="FluentValidation.DefaultValidatorExtensions.&lt;&gt;c__DisplayClass50_0&lt;T, TProperty&gt;" filename="/_/src/FluentValidation/DefaultValidatorExtensions.cs" line-rate="1" branch-rate="1" complexity="NaN">
          <methods />
          <lines />
        </class>
        <class name="FluentValidation.DefaultValidatorExtensions.&lt;&gt;c__DisplayClass51_0&lt;T, TProperty&gt;" filename="/_/src/FluentValidation/DefaultValidatorExtensions.cs" line-rate="1" branch-rate="1" complexity="NaN">
          <methods />
          <lines />
        </class>
        <class name="FluentValidation.DefaultValidatorExtensions.&lt;&gt;c__DisplayClass52_0&lt;T, TProperty&gt;" filename="/_/src/FluentValidation/DefaultValidatorExtensions.cs" line-rate="1" branch-rate="1" complexity="NaN">
          <methods />
          <lines />
        </class>
        <class name="FluentValidation.DefaultValidatorExtensions.&lt;&gt;c__DisplayClass54_0&lt;T, TProperty&gt;" filename="/_/src/FluentValidation/DefaultValidatorExtensions.cs" line-rate="1" branch-rate="1" complexity="NaN">
          <methods />
          <lines />
        </class>
        <class name="FluentValidation.DefaultValidatorExtensions.&lt;&gt;c__DisplayClass55_0&lt;T, TProperty&gt;" filename="/_/src/FluentValidation/DefaultValidatorExtensions.cs" line-rate="1" branch-rate="1" complexity="NaN">
          <methods />
          <lines />
        </class>
        <class name="FluentValidation.DefaultValidatorExtensions.&lt;&gt;c__DisplayClass69_0&lt;T, TProperty&gt;" filename="/_/src/FluentValidation/DefaultValidatorExtensions.cs" line-rate="1" branch-rate="1" complexity="NaN">
          <methods />
          <lines />
        </class>
        <class name="FluentValidation.DefaultValidatorExtensions.&lt;&gt;c__DisplayClass70_0.&lt;&lt;CustomAsync&gt;b__0&gt;d&lt;T, TProperty&gt;" filename="/_/src/FluentValidation/DefaultValidatorExtensions.cs" line-rate="1" branch-rate="1" complexity="1">
          <methods>
            <method name="MoveNext" signature="()" line-rate="1" branch-rate="1" complexity="1">
              <lines />
            </method>
          </methods>
          <lines />
        </class>
        <class name="FluentValidation.DefaultValidatorExtensions.&lt;&gt;c__DisplayClass71_0&lt;T, TElement&gt;" filename="/_/src/FluentValidation/DefaultValidatorExtensions.cs" line-rate="1" branch-rate="1" complexity="NaN">
          <methods />
          <lines />
        </class>
        <class name="FluentValidation.DefaultValidatorExtensions.&lt;ValidateAndThrowAsync&gt;d__79&lt;T&gt;" filename="/_/src/FluentValidation/DefaultValidatorExtensions_Validate.cs" line-rate="1" branch-rate="1" complexity="2">
          <methods>
            <method name="MoveNext" signature="()" line-rate="1" branch-rate="1" complexity="2">
              <lines />
            </method>
          </methods>
          <lines />
        </class>
        <class name="FluentValidation.DefaultValidatorOptions" filename="/_/src/FluentValidation/DefaultValidatorOptions.cs" line-rate="1" branch-rate="1" complexity="44">
          <methods>
            <method name="Configure&lt;T, TProperty&gt;" signature="(...)" line-rate="1" branch-rate="1" complexity="1">
              <lines />
            </method>
            <method name="Configure&lt;T, TProperty&gt;" signature="(...)" line-rate="1" branch-rate="1" complexity="1">
              <lines />
            </method>
            <method name="Configure&lt;T, TElement&gt;" signature="(...)" line-rate="1" branch-rate="1" complexity="1">
              <lines />
            </method>
            <method name="Configurable&lt;T, TProperty&gt;" signature="(...)" line-rate="1" branch-rate="1" complexity="1">
              <lines />
            </method>
            <method name="Configurable&lt;T, TCollectionElement&gt;" signature="(...)" line-rate="1" branch-rate="1" complexity="1">
              <lines />
            </method>
            <method name="Cascade&lt;T, TProperty&gt;" signature="(...)" line-rate="1" branch-rate="1" complexity="1">
              <lines />
            </method>
            <method name="Cascade&lt;T, TProperty&gt;" signature="(...)" line-rate="1" branch-rate="1" complexity="1">
              <lines />
            </method>
            <method name="WithMessage&lt;T, TProperty&gt;" signature="(...)" line-rate="1" branch-rate="1" complexity="1">
              <lines />
            </method>
            <method name="WithMessage&lt;T, TProperty&gt;" signature="(...)" line-rate="1" branch-rate="1" complexity="1">
              <lines />
            </method>
            <method name="WithMessage&lt;T, TProperty&gt;" signature="(...)" line-rate="1" branch-rate="1" complexity="1">
              <lines />
            </method>
            <method name="WithErrorCode&lt;T, TProperty&gt;" signature="(...)" line-rate="1" branch-rate="1" complexity="1">
              <lines />
            </method>
            <method name="When&lt;T, TProperty&gt;" signature="(...)" line-rate="1" branch-rate="1" complexity="1">
              <lines />
            </method>
            <method name="When&lt;T, TProperty&gt;" signature="(...)" line-rate="1" branch-rate="1" complexity="1">
              <lines />
            </method>
            <method name="When&lt;T, TProperty&gt;" signature="(...)" line-rate="1" branch-rate="1" complexity="1">
              <lines />
            </method>
            <method name="When&lt;T, TProperty&gt;" signature="(...)" line-rate="1" branch-rate="1" complexity="1">
              <lines />
            </method>
            <method name="Unless&lt;T, TProperty&gt;" signature="(...)" line-rate="1" branch-rate="1" complexity="1">
              <lines />
            </method>
            <method name="Unless&lt;T, TProperty&gt;" signature="(...)" line-rate="1" branch-rate="1" complexity="1">
              <lines />
            </method>
            <method name="Unless&lt;T, TProperty&gt;" signature="(...)" line-rate="1" branch-rate="1" complexity="1">
              <lines />
            </method>
            <method name="Unless&lt;T, TProperty&gt;" signature="(...)" line-rate="1" branch-rate="1" complexity="1">
              <lines />
            </method>
            <method name="WhenAsync&lt;T, TProperty&gt;" signature="(...)" line-rate="1" branch-rate="1" complexity="1">
              <lines />
            </method>
            <method name="WhenAsync&lt;T, TProperty&gt;" signature="(...)" line-rate="1" branch-rate="1" complexity="1">
              <lines />
            </method>
            <method name="WhenAsync&lt;T, TProperty&gt;" signature="(...)" line-rate="1" branch-rate="1" complexity="1">
              <lines />
            </method>
            <method name="WhenAsync&lt;T, TProperty&gt;" signature="(...)" line-rate="1" branch-rate="1" complexity="1">
              <lines />
            </method>
            <method name="UnlessAsync&lt;T, TProperty&gt;" signature="(...)" line-rate="1" branch-rate="1" complexity="1">
              <lines />
            </method>
            <method name="UnlessAsync&lt;T, TProperty&gt;" signature="(...)" line-rate="1" branch-rate="1" complexity="1">
              <lines />
            </method>
            <method name="UnlessAsync&lt;T, TProperty&gt;" signature="(...)" line-rate="1" branch-rate="1" complexity="1">
              <lines />
            </method>
            <method name="UnlessAsync&lt;T, TProperty&gt;" signature="(...)" line-rate="1" branch-rate="1" complexity="1">
              <lines />
            </method>
            <method name="Where&lt;T, TCollectionElement&gt;" signature="(...)" line-rate="1" branch-rate="1" complexity="1">
              <lines />
            </method>
            <method name="WithName&lt;T, TProperty&gt;" signature="(...)" line-rate="1" branch-rate="1" complexity="1">
              <lines />
            </method>
            <method name="WithName&lt;T, TProperty&gt;" signature="(...)" line-rate="1" branch-rate="1" complexity="1">
              <lines />
            </method>
            <method name="OverridePropertyName&lt;T, TProperty&gt;" signature="(...)" line-rate="1" branch-rate="1" complexity="2">
              <lines />
            </method>
            <method name="OverridePropertyName&lt;T, TProperty&gt;" signature="(...)" line-rate="1" branch-rate="1" complexity="4">
              <lines />
            </method>
            <method name="WithState&lt;T, TProperty&gt;" signature="(...)" line-rate="1" branch-rate="1" complexity="1">
              <lines />
            </method>
            <method name="WithState&lt;T, TProperty&gt;" signature="(...)" line-rate="1" branch-rate="1" complexity="1">
              <lines />
            </method>
            <method name="WithSeverity&lt;T, TProperty&gt;" signature="(...)" line-rate="1" branch-rate="1" complexity="1">
              <lines />
            </method>
            <method name="WithSeverity&lt;T, TProperty&gt;" signature="(...)" line-rate="1" branch-rate="1" complexity="1">
              <lines />
            </method>
            <method name="WithSeverity&lt;T, TProperty&gt;" signature="(...)" line-rate="1" branch-rate="1" complexity="1">
              <lines />
            </method>
            <method name="OverrideIndexer&lt;T, TCollectionElement&gt;" signature="(...)" line-rate="1" branch-rate="1" complexity="1">
              <lines />
            </method>
            <method name="MoveNext" signature="()" line-rate="1" branch-rate="1" complexity="1">
              <lines />
            </method>
            <method name="MoveNext" signature="()" line-rate="1" branch-rate="1" complexity="1">
              <lines />
            </method>
          </methods>
          <lines />
        </class>
        <class name="FluentValidation.DefaultValidatorOptions.&lt;&gt;c__DisplayClass11_0&lt;T, TProperty&gt;" filename="/_/src/FluentValidation/DefaultValidatorOptions.cs" line-rate="1" branch-rate="1" complexity="NaN">
          <methods />
          <lines />
        </class>
        <class name="FluentValidation.DefaultValidatorOptions.&lt;&gt;c__DisplayClass12_0&lt;T, TProperty&gt;" filename="/_/src/FluentValidation/DefaultValidatorOptions.cs" line-rate="1" branch-rate="1" complexity="NaN">
          <methods />
          <lines />
        </class>
        <class name="FluentValidation.DefaultValidatorOptions.&lt;&gt;c__DisplayClass13_0&lt;T, TProperty&gt;" filename="/_/src/FluentValidation/DefaultValidatorOptions.cs" line-rate="1" branch-rate="1" complexity="NaN">
          <methods />
          <lines />
        </class>
        <class name="FluentValidation.DefaultValidatorOptions.&lt;&gt;c__DisplayClass14_0&lt;T, TProperty&gt;" filename="/_/src/FluentValidation/DefaultValidatorOptions.cs" line-rate="1" branch-rate="1" complexity="NaN">
          <methods />
          <lines />
        </class>
        <class name="FluentValidation.DefaultValidatorOptions.&lt;&gt;c__DisplayClass15_0&lt;T, TProperty&gt;" filename="/_/src/FluentValidation/DefaultValidatorOptions.cs" line-rate="1" branch-rate="1" complexity="NaN">
          <methods />
          <lines />
        </class>
        <class name="FluentValidation.DefaultValidatorOptions.&lt;&gt;c__DisplayClass16_0&lt;T, TProperty&gt;" filename="/_/src/FluentValidation/DefaultValidatorOptions.cs" line-rate="1" branch-rate="1" complexity="NaN">
          <methods />
          <lines />
        </class>
        <class name="FluentValidation.DefaultValidatorOptions.&lt;&gt;c__DisplayClass17_0&lt;T, TProperty&gt;" filename="/_/src/FluentValidation/DefaultValidatorOptions.cs" line-rate="1" branch-rate="1" complexity="NaN">
          <methods />
          <lines />
        </class>
        <class name="FluentValidation.DefaultValidatorOptions.&lt;&gt;c__DisplayClass18_0&lt;T, TProperty&gt;" filename="/_/src/FluentValidation/DefaultValidatorOptions.cs" line-rate="1" branch-rate="1" complexity="NaN">
          <methods />
          <lines />
        </class>
        <class name="FluentValidation.DefaultValidatorOptions.&lt;&gt;c__DisplayClass19_0&lt;T, TProperty&gt;" filename="/_/src/FluentValidation/DefaultValidatorOptions.cs" line-rate="1" branch-rate="1" complexity="NaN">
          <methods />
          <lines />
        </class>
        <class name="FluentValidation.DefaultValidatorOptions.&lt;&gt;c__DisplayClass20_0&lt;T, TProperty&gt;" filename="/_/src/FluentValidation/DefaultValidatorOptions.cs" line-rate="1" branch-rate="1" complexity="NaN">
          <methods />
          <lines />
        </class>
        <class name="FluentValidation.DefaultValidatorOptions.&lt;&gt;c__DisplayClass21_0&lt;T, TProperty&gt;" filename="/_/src/FluentValidation/DefaultValidatorOptions.cs" line-rate="1" branch-rate="1" complexity="NaN">
          <methods />
          <lines />
        </class>
        <class name="FluentValidation.DefaultValidatorOptions.&lt;&gt;c__DisplayClass22_0&lt;T, TProperty&gt;" filename="/_/src/FluentValidation/DefaultValidatorOptions.cs" line-rate="1" branch-rate="1" complexity="NaN">
          <methods />
          <lines />
        </class>
        <class name="FluentValidation.DefaultValidatorOptions.&lt;&gt;c__DisplayClass23_0&lt;T, TProperty&gt;" filename="/_/src/FluentValidation/DefaultValidatorOptions.cs" line-rate="1" branch-rate="1" complexity="NaN">
          <methods />
          <lines />
        </class>
        <class name="FluentValidation.DefaultValidatorOptions.&lt;&gt;c__DisplayClass24_0&lt;T, TProperty&gt;" filename="/_/src/FluentValidation/DefaultValidatorOptions.cs" line-rate="1" branch-rate="1" complexity="NaN">
          <methods />
          <lines />
        </class>
        <class name="FluentValidation.DefaultValidatorOptions.&lt;&gt;c__DisplayClass25_0.&lt;&lt;UnlessAsync&gt;b__0&gt;d&lt;T, TProperty&gt;" filename="/_/src/FluentValidation/DefaultValidatorOptions.cs" line-rate="1" branch-rate="1" complexity="1">
          <methods>
            <method name="MoveNext" signature="()" line-rate="1" branch-rate="1" complexity="1">
              <lines />
            </method>
          </methods>
          <lines />
        </class>
        <class name="FluentValidation.DefaultValidatorOptions.&lt;&gt;c__DisplayClass26_0.&lt;&lt;UnlessAsync&gt;b__0&gt;d&lt;T, TProperty&gt;" filename="/_/src/FluentValidation/DefaultValidatorOptions.cs" line-rate="1" branch-rate="1" complexity="1">
          <methods>
            <method name="MoveNext" signature="()" line-rate="1" branch-rate="1" complexity="1">
              <lines />
            </method>
          </methods>
          <lines />
        </class>
        <class name="FluentValidation.DefaultValidatorOptions.&lt;&gt;c__DisplayClass29_0&lt;T, TProperty&gt;" filename="/_/src/FluentValidation/DefaultValidatorOptions.cs" line-rate="1" branch-rate="1" complexity="NaN">
          <methods />
          <lines />
        </class>
        <class name="FluentValidation.DefaultValidatorOptions.&lt;&gt;c__DisplayClass32_0&lt;T, TProperty&gt;" filename="/_/src/FluentValidation/DefaultValidatorOptions.cs" line-rate="1" branch-rate="1" complexity="NaN">
          <methods />
          <lines />
        </class>
        <class name="FluentValidation.DefaultValidatorOptions.&lt;&gt;c__DisplayClass33_0&lt;T, TProperty&gt;" filename="/_/src/FluentValidation/DefaultValidatorOptions.cs" line-rate="1" branch-rate="1" complexity="NaN">
          <methods />
          <lines />
        </class>
        <class name="FluentValidation.DefaultValidatorOptions.&lt;&gt;c__DisplayClass34_0&lt;T, TProperty&gt;" filename="/_/src/FluentValidation/DefaultValidatorOptions.cs" line-rate="1" branch-rate="1" complexity="NaN">
          <methods />
          <lines />
        </class>
        <class name="FluentValidation.DefaultValidatorOptions.&lt;&gt;c__DisplayClass35_0&lt;T, TProperty&gt;" filename="/_/src/FluentValidation/DefaultValidatorOptions.cs" line-rate="1" branch-rate="1" complexity="NaN">
          <methods />
          <lines />
        </class>
        <class name="FluentValidation.DefaultValidatorOptions.&lt;&gt;c__DisplayClass36_0&lt;T, TProperty&gt;" filename="/_/src/FluentValidation/DefaultValidatorOptions.cs" line-rate="1" branch-rate="1" complexity="NaN">
          <methods />
          <lines />
        </class>
        <class name="FluentValidation.DefaultValidatorOptions.&lt;&gt;c__DisplayClass8_0&lt;T, TProperty&gt;" filename="/_/src/FluentValidation/DefaultValidatorOptions.cs" line-rate="1" branch-rate="1" complexity="NaN">
          <methods />
          <lines />
        </class>
        <class name="FluentValidation.DefaultValidatorOptions.&lt;&gt;c__DisplayClass9_0&lt;T, TProperty&gt;" filename="/_/src/FluentValidation/DefaultValidatorOptions.cs" line-rate="1" branch-rate="1" complexity="NaN">
          <methods />
          <lines />
        </class>
        <class name="FluentValidation.InlineValidator&lt;T&gt;" filename="/_/src/FluentValidation/InlineValidator.cs" line-rate="1" branch-rate="1" complexity="1">
          <methods>
            <method name="Add&lt;TProperty&gt;" signature="(...)" line-rate="1" branch-rate="1" complexity="1">
              <lines />
            </method>
          </methods>
          <lines />
        </class>
        <class name="FluentValidation.Internal.AccessorCache.&lt;&gt;c__DisplayClass1_0&lt;T, TProperty&gt;" filename="/_/src/FluentValidation/Internal/AccessorCache.cs" line-rate="1" branch-rate="1" complexity="NaN">
          <methods />
          <lines />
        </class>
        <class name="FluentValidation.Internal.AccessorCache.Key&lt;T&gt;" filename="/_/src/FluentValidation/Internal/AccessorCache.cs" line-rate="1" branch-rate="1" complexity="14">
          <methods>
            <method name=".ctor" signature="(...)" line-rate="1" branch-rate="1" complexity="2">
              <lines />
            </method>
            <method name="Equals" signature="(...)" line-rate="1" branch-rate="1" complexity="2">
              <lines />
            </method>
            <method name="Equals" signature="(...)" line-rate="1" branch-rate="1" complexity="6">
              <lines />
            </method>
            <method name="GetHashCode" signature="()" line-rate="1" branch-rate="1" complexity="4">
              <lines />
            </method>
          </methods>
          <lines />
        </class>
        <class name="FluentValidation.Internal.AccessorCache&lt;T&gt;" filename="/_/src/FluentValidation/Internal/AccessorCache.cs" line-rate="1" branch-rate="1" complexity="6">
          <methods>
            <method name="GetCachedAccessor&lt;TProperty&gt;" signature="(...)" line-rate="1" branch-rate="1" complexity="4">
              <lines />
            </method>
            <method name="Clear" signature="()" line-rate="1" branch-rate="1" complexity="1">
              <lines />
            </method>
            <method name=".cctor" signature="()" line-rate="1" branch-rate="1" complexity="1">
              <lines />
            </method>
          </methods>
          <lines />
        </class>
        <class name="FluentValidation.Internal.AsyncConditionBuilder.&lt;&gt;c__DisplayClass2_0.&lt;&lt;WhenAsync&gt;g__Condition|0&gt;d&lt;T&gt;" filename="/_/src/FluentValidation/Internal/ConditionBuilder.cs" line-rate="1" branch-rate="1" complexity="10">
          <methods>
            <method name="MoveNext" signature="()" line-rate="1" branch-rate="1" complexity="10">
              <lines />
            </method>
          </methods>
          <lines />
        </class>
        <class name="FluentValidation.Internal.AsyncConditionBuilder.&lt;&gt;c__DisplayClass3_0.&lt;&lt;UnlessAsync&gt;b__0&gt;d&lt;T&gt;" filename="/_/src/FluentValidation/Internal/ConditionBuilder.cs" line-rate="1" branch-rate="1" complexity="1">
          <methods>
            <method name="MoveNext" signature="()" line-rate="1" branch-rate="1" complexity="1">
              <lines />
            </method>
          </methods>
          <lines />
        </class>
        <class name="FluentValidation.Internal.AsyncConditionBuilder&lt;T&gt;" filename="/_/src/FluentValidation/Internal/ConditionBuilder.cs" line-rate="1" branch-rate="1" complexity="4">
          <methods>
            <method name=".ctor" signature="(...)" line-rate="1" branch-rate="1" complexity="1">
              <lines />
            </method>
            <method name="WhenAsync" signature="(...)" line-rate="1" branch-rate="1" complexity="2">
              <lines />
            </method>
            <method name="UnlessAsync" signature="(...)" line-rate="1" branch-rate="1" complexity="1">
              <lines />
            </method>
          </methods>
          <lines />
        </class>
        <class name="FluentValidation.Internal.AsyncConditionOtherwiseBuilder.&lt;&lt;Otherwise&gt;b__3_0&gt;d&lt;T&gt;" filename="/_/src/FluentValidation/Internal/ConditionBuilder.cs" line-rate="1" branch-rate="1" complexity="1">
          <methods>
            <method name="MoveNext" signature="()" line-rate="1" branch-rate="1" complexity="1">
              <lines />
            </method>
          </methods>
          <lines />
        </class>
        <class name="FluentValidation.Internal.AsyncConditionOtherwiseBuilder&lt;T&gt;" filename="/_/src/FluentValidation/Internal/ConditionBuilder.cs" line-rate="1" branch-rate="1" complexity="3">
          <methods>
            <method name=".ctor" signature="(...)" line-rate="1" branch-rate="1" complexity="1">
              <lines />
            </method>
            <method name="Otherwise" signature="(...)" line-rate="1" branch-rate="1" complexity="2">
              <lines />
            </method>
          </methods>
          <lines />
        </class>
        <class name="FluentValidation.Internal.CollectionPropertyRule.&lt;&gt;c__DisplayClass10_0&lt;T, TElement, TOriginal&gt;" filename="/_/src/FluentValidation/Internal/CollectionPropertyRule.cs" line-rate="1" branch-rate="1" complexity="NaN">
          <methods />
          <lines />
        </class>
        <class name="FluentValidation.Internal.CollectionPropertyRule.&lt;&gt;c__DisplayClass11_0&lt;T, TElement, TOriginal&gt;" filename="/_/src/FluentValidation/Internal/CollectionPropertyRule.cs" line-rate="1" branch-rate="1" complexity="NaN">
          <methods />
          <lines />
        </class>
        <class name="FluentValidation.Internal.CollectionPropertyRule.&lt;&gt;c__DisplayClass11_1&lt;T, TElement, TOriginal&gt;" filename="/_/src/FluentValidation/Internal/CollectionPropertyRule.cs" line-rate="1" branch-rate="1" complexity="NaN">
          <methods />
          <lines />
        </class>
        <class name="FluentValidation.Internal.CollectionPropertyRule.&lt;&gt;c__DisplayClass9_0&lt;T, TElement&gt;" filename="/_/src/FluentValidation/Internal/CollectionPropertyRule.cs" line-rate="1" branch-rate="1" complexity="NaN">
          <methods />
          <lines />
        </class>
        <class name="FluentValidation.Internal.CollectionPropertyRule.&lt;FluentValidation-IValidationRuleInternal&lt;T&gt;-ValidateAsync&gt;d__12&lt;T, TElement&gt;" filename="/_/src/FluentValidation/Internal/CollectionPropertyRule.cs" line-rate="1" branch-rate="1" complexity="46">
          <methods>
            <method name="MoveNext" signature="()" line-rate="1" branch-rate="1" complexity="46">
              <lines />
            </method>
          </methods>
          <lines />
        </class>
        <class name="FluentValidation.Internal.CollectionPropertyRule.&lt;GetValidatorsToExecuteAsync&gt;d__14&lt;T, TElement&gt;" filename="/_/src/FluentValidation/Internal/CollectionPropertyRule.cs" line-rate="1" branch-rate="1" complexity="10">
          <methods>
            <method name="MoveNext" signature="()" line-rate="1" branch-rate="1" complexity="10">
              <lines />
            </method>
          </methods>
          <lines />
        </class>
        <class name="FluentValidation.Internal.CollectionPropertyRule&lt;T, TElement&gt;" filename="/_/src/FluentValidation/Internal/CollectionPropertyRule.cs" line-rate="1" branch-rate="1" complexity="14">
          <methods>
            <method name=".ctor" signature="(...)" line-rate="1" branch-rate="1" complexity="1">
              <lines />
            </method>
            <method name="get_Filter" signature="()" line-rate="1" branch-rate="1" complexity="1">
              <lines />
            </method>
            <method name="set_Filter" signature="(...)" line-rate="1" branch-rate="1" complexity="1">
              <lines />
            </method>
            <method name="get_IndexBuilder" signature="()" line-rate="1" branch-rate="1" complexity="1">
              <lines />
            </method>
            <method name="set_IndexBuilder" signature="(...)" line-rate="1" branch-rate="1" complexity="1">
              <lines />
            </method>
            <method name="Create" signature="(...)" line-rate="1" branch-rate="1" complexity="1">
              <lines />
            </method>
            <method name="CreateTransformed&lt;TOriginal&gt;" signature="(...)" line-rate="1" branch-rate="1" complexity="1">
              <lines />
            </method>
            <method name="CreateTransformed&lt;TOriginal&gt;" signature="(...)" line-rate="1" branch-rate="1" complexity="1">
              <lines />
            </method>
            <method name="FluentValidation.IValidationRuleInternal&lt;T&gt;.AddDependentRules" signature="(...)" line-rate="1" branch-rate="1" complexity="2">
              <lines />
            </method>
            <method name="InferPropertyName" signature="(...)" line-rate="1" branch-rate="1" complexity="4">
              <lines />
            </method>
          </methods>
          <lines />
        </class>
        <class name="FluentValidation.Internal.CompositeValidatorSelector" filename="/_/src/FluentValidation/Internal/CompositeValidatorSelector.cs" line-rate="1" branch-rate="1" complexity="2">
          <methods>
            <method name=".ctor" signature="(...)" line-rate="1" branch-rate="1" complexity="1">
              <lines />
            </method>
            <method name="CanExecute" signature="(...)" line-rate="1" branch-rate="1" complexity="1">
              <lines />
            </method>
          </methods>
          <lines />
        </class>
        <class name="FluentValidation.Internal.ConditionBuilder.&lt;&gt;c__DisplayClass2_0&lt;T&gt;" filename="/_/src/FluentValidation/Internal/ConditionBuilder.cs" line-rate="1" branch-rate="1" complexity="NaN">
          <methods />
          <lines />
        </class>
        <class name="FluentValidation.Internal.ConditionBuilder.&lt;&gt;c__DisplayClass3_0&lt;T&gt;" filename="/_/src/FluentValidation/Internal/ConditionBuilder.cs" line-rate="1" branch-rate="1" complexity="NaN">
          <methods />
          <lines />
        </class>
        <class name="FluentValidation.Internal.ConditionBuilder&lt;T&gt;" filename="/_/src/FluentValidation/Internal/ConditionBuilder.cs" line-rate="1" branch-rate="1" complexity="4">
          <methods>
            <method name=".ctor" signature="(...)" line-rate="1" branch-rate="1" complexity="1">
              <lines />
            </method>
            <method name="When" signature="(...)" line-rate="1" branch-rate="1" complexity="2">
              <lines />
            </method>
            <method name="Unless" signature="(...)" line-rate="1" branch-rate="1" complexity="1">
              <lines />
            </method>
          </methods>
          <lines />
        </class>
        <class name="FluentValidation.Internal.ConditionOtherwiseBuilder&lt;T&gt;" filename="/_/src/FluentValidation/Internal/ConditionBuilder.cs" line-rate="1" branch-rate="1" complexity="3">
          <methods>
            <method name=".ctor" signature="(...)" line-rate="1" branch-rate="1" complexity="1">
              <lines />
            </method>
            <method name="Otherwise" signature="(...)" line-rate="1" branch-rate="1" complexity="2">
              <lines />
            </method>
          </methods>
          <lines />
        </class>
        <class name="FluentValidation.Internal.DefaultValidatorSelector" filename="/_/src/FluentValidation/Internal/DefaultValidatorSelector.cs" line-rate="1" branch-rate="1" complexity="6">
          <methods>
            <method name="CanExecute" signature="(...)" line-rate="1" branch-rate="1" complexity="6">
              <lines />
            </method>
          </methods>
          <lines />
        </class>
        <class name="FluentValidation.Internal.Extensions" filename="/_/src/FluentValidation/Internal/Extensions.cs" line-rate="1" branch-rate="1" complexity="12">
          <methods>
            <method name="GetMember&lt;T, TProperty&gt;" signature="(...)" line-rate="1" branch-rate="1" complexity="10">
              <lines />
            </method>
            <method name="RemoveUnary" signature="(...)" line-rate="1" branch-rate="1" complexity="2">
              <lines />
            </method>
          </methods>
          <lines />
        </class>
        <class name="FluentValidation.Internal.ExtensionsInternal" filename="/_/src/FluentValidation/Internal/ExtensionsInternal.cs" line-rate="1" branch-rate="1" complexity="35">
          <methods>
            <method name="Guard" signature="(...)" line-rate="1" branch-rate="1" complexity="2">
              <lines />
            </method>
            <method name="Guard" signature="(...)" line-rate="1" branch-rate="1" complexity="4">
              <lines />
            </method>
            <method name="IsParameterExpression" signature="(...)" line-rate="1" branch-rate="1" complexity="1">
              <lines />
            </method>
            <method name="SplitPascalCase" signature="(...)" line-rate="1" branch-rate="1" complexity="20">
              <lines />
            </method>
            <method name="GetOrAdd&lt;T&gt;" signature="(...)" line-rate="1" branch-rate="1" complexity="4">
              <lines />
            </method>
            <method name="ResolveErrorMessageUsingErrorCode" signature="(...)" line-rate="1" branch-rate="1" complexity="4">
              <lines />
            </method>
          </methods>
          <lines />
        </class>
        <class name="FluentValidation.Internal.IncludeRule.&lt;&gt;c__DisplayClass3_0&lt;T, TValidator&gt;" filename="/_/src/FluentValidation/Internal/IncludeRule.cs" line-rate="1" branch-rate="1" complexity="NaN">
          <methods />
          <lines />
        </class>
        <class name="FluentValidation.Internal.IncludeRule.&lt;&gt;c&lt;T&gt;" filename="/_/src/FluentValidation/Internal/IncludeRule.cs" line-rate="1" branch-rate="1" complexity="NaN">
          <methods />
          <lines />
        </class>
        <class name="FluentValidation.Internal.IncludeRule.&lt;ValidateAsync&gt;d__4&lt;T&gt;" filename="/_/src/FluentValidation/Internal/IncludeRule.cs" line-rate="1" branch-rate="1" complexity="4">
          <methods>
            <method name="MoveNext" signature="()" line-rate="1" branch-rate="1" complexity="4">
              <lines />
            </method>
          </methods>
          <lines />
        </class>
        <class name="FluentValidation.Internal.IncludeRule&lt;T&gt;" filename="/_/src/FluentValidation/Internal/IncludeRule.cs" line-rate="1" branch-rate="1" complexity="6">
          <methods>
            <method name=".ctor" signature="(...)" line-rate="1" branch-rate="1" complexity="2">
              <lines />
            </method>
            <method name=".ctor" signature="(...)" line-rate="1" branch-rate="1" complexity="2">
              <lines />
            </method>
            <method name="Create" signature="(...)" line-rate="1" branch-rate="1" complexity="1">
              <lines />
            </method>
            <method name="Create&lt;TValidator&gt;" signature="(...)" line-rate="1" branch-rate="1" complexity="1">
              <lines />
            </method>
          </methods>
          <lines />
        </class>
        <class name="FluentValidation.Internal.MemberNameValidatorSelector" filename="/_/src/FluentValidation/Internal/MemberNameValidatorSelector.cs" line-rate="1" branch-rate="1" complexity="34">
          <methods>
            <method name=".ctor" signature="(...)" line-rate="1" branch-rate="1" complexity="1">
              <lines />
            </method>
            <method name="get_MemberNames" signature="()" line-rate="1" branch-rate="1" complexity="1">
              <lines />
            </method>
            <method name="CanExecute" signature="(...)" line-rate="1" branch-rate="1" complexity="28">
              <lines />
            </method>
            <method name="MemberNamesFromExpressions&lt;T&gt;" signature="(...)" line-rate="1" branch-rate="1" complexity="1">
              <lines />
            </method>
            <method name="MemberFromExpression&lt;T&gt;" signature="(...)" line-rate="1" branch-rate="1" complexity="2">
              <lines />
            </method>
            <method name=".cctor" signature="()" line-rate="1" branch-rate="1" complexity="1">
              <lines />
            </method>
          </methods>
          <lines />
        </class>
        <class name="FluentValidation.Internal.MessageBuilderContext&lt;T, TProperty&gt;" filename="/_/src/FluentValidation/Internal/MessageBuilderContext.cs" line-rate="1" branch-rate="1" complexity="11">
          <methods>
            <method name=".ctor" signature="(...)" line-rate="1" branch-rate="1" complexity="1">
              <lines />
            </method>
            <method name="get_Component" signature="()" line-rate="1" branch-rate="1" complexity="1">
              <lines />
            </method>
            <method name="FluentValidation.Internal.IMessageBuilderContext&lt;T,TProperty&gt;.get_Component" signature="()" line-rate="1" branch-rate="1" complexity="1">
              <lines />
            </method>
            <method name="get_PropertyValidator" signature="()" line-rate="1" branch-rate="1" complexity="1">
              <lines />
            </method>
            <method name="get_ParentContext" signature="()" line-rate="1" branch-rate="1" complexity="1">
              <lines />
            </method>
            <method name="get_PropertyName" signature="()" line-rate="1" branch-rate="1" complexity="1">
              <lines />
            </method>
            <method name="get_DisplayName" signature="()" line-rate="1" branch-rate="1" complexity="1">
              <lines />
            </method>
            <method name="get_MessageFormatter" signature="()" line-rate="1" branch-rate="1" complexity="1">
              <lines />
            </method>
            <method name="get_InstanceToValidate" signature="()" line-rate="1" branch-rate="1" complexity="1">
              <lines />
            </method>
            <method name="get_PropertyValue" signature="()" line-rate="1" branch-rate="1" complexity="1">
              <lines />
            </method>
            <method name="GetDefaultMessage" signature="()" line-rate="1" branch-rate="1" complexity="1">
              <lines />
            </method>
          </methods>
          <lines />
        </class>
        <class name="FluentValidation.Internal.MessageFormatter" filename="/_/src/FluentValidation/Internal/MessageFormatter.cs" line-rate="1" branch-rate="1" complexity="8">
          <methods>
            <method name="AppendArgument" signature="(...)" line-rate="1" branch-rate="1" complexity="1">
              <lines />
            </method>
            <method name="AppendPropertyName" signature="(...)" line-rate="1" branch-rate="1" complexity="1">
              <lines />
            </method>
            <method name="AppendPropertyValue" signature="(...)" line-rate="1" branch-rate="1" complexity="1">
              <lines />
            </method>
            <method name="BuildMessage" signature="(...)" line-rate="1" branch-rate="1" complexity="1">
              <lines />
            </method>
            <method name="get_PlaceholderValues" signature="()" line-rate="1" branch-rate="1" complexity="1">
              <lines />
            </method>
            <method name="Reset" signature="()" line-rate="1" branch-rate="1" complexity="1">
              <lines />
            </method>
            <method name=".ctor" signature="()" line-rate="1" branch-rate="1" complexity="1">
              <lines />
            </method>
            <method name=".cctor" signature="()" line-rate="1" branch-rate="1" complexity="1">
              <lines />
            </method>
          </methods>
          <lines />
        </class>
        <class name="FluentValidation.Internal.PropertyChain" filename="/_/src/FluentValidation/Internal/PropertyChain.cs" line-rate="1" branch-rate="1" complexity="29">
          <methods>
            <method name=".ctor" signature="()" line-rate="1" branch-rate="1" complexity="1">
              <lines />
            </method>
            <method name=".ctor" signature="(...)" line-rate="1" branch-rate="1" complexity="4">
              <lines />
            </method>
            <method name="FromExpression" signature="(...)" line-rate="1" branch-rate="1" complexity="4">
              <lines />
            </method>
            <method name="Add" signature="(...)" line-rate="1" branch-rate="1" complexity="2">
              <lines />
            </method>
            <method name="Add" signature="(...)" line-rate="1" branch-rate="1" complexity="2">
              <lines />
            </method>
            <method name="AddIndexer" signature="(...)" line-rate="1" branch-rate="1" complexity="8">
              <lines />
            </method>
            <method name="ToString" signature="()" line-rate="1" branch-rate="1" complexity="4">
              <lines />
            </method>
            <method name="IsChildChainOf" signature="(...)" line-rate="1" branch-rate="1" complexity="1">
              <lines />
            </method>
            <method name="BuildPropertyName" signature="(...)" line-rate="1" branch-rate="1" complexity="2">
              <lines />
            </method>
            <method name="get_Count" signature="()" line-rate="1" branch-rate="1" complexity="1">
              <lines />
            </method>
          </methods>
          <lines />
        </class>
        <class name="FluentValidation.Internal.PropertyRule.&lt;&gt;c__DisplayClass1_0&lt;T, TProperty&gt;" filename="/_/src/FluentValidation/Internal/PropertyRule.cs" line-rate="1" branch-rate="1" complexity="NaN">
          <methods />
          <lines />
        </class>
        <class name="FluentValidation.Internal.PropertyRule.&lt;&gt;c__DisplayClass2_0&lt;T, TProperty, TOld&gt;" filename="/_/src/FluentValidation/Internal/PropertyRule.cs" line-rate="1" branch-rate="1" complexity="NaN">
          <methods />
          <lines />
        </class>
        <class name="FluentValidation.Internal.PropertyRule.&lt;&gt;c__DisplayClass3_0&lt;T, TProperty, TOld&gt;" filename="/_/src/FluentValidation/Internal/PropertyRule.cs" line-rate="1" branch-rate="1" complexity="NaN">
          <methods />
          <lines />
        </class>
        <class name="FluentValidation.Internal.PropertyRule.&lt;&gt;c__DisplayClass4_0&lt;T, TProperty&gt;" filename="/_/src/FluentValidation/Internal/PropertyRule.cs" line-rate="1" branch-rate="1" complexity="NaN">
          <methods />
          <lines />
        </class>
        <class name="FluentValidation.Internal.PropertyRule.&lt;ValidateAsync&gt;d__4&lt;T, TProperty&gt;" filename="/_/src/FluentValidation/Internal/PropertyRule.cs" line-rate="1" branch-rate="1" complexity="36">
          <methods>
            <method name="MoveNext" signature="()" line-rate="1" branch-rate="1" complexity="36">
              <lines />
            </method>
          </methods>
          <lines />
        </class>
        <class name="FluentValidation.Internal.PropertyRule&lt;T, TProperty&gt;" filename="/_/src/FluentValidation/Internal/PropertyRule.cs" line-rate="1" branch-rate="1" complexity="6">
          <methods>
            <method name=".ctor" signature="(...)" line-rate="1" branch-rate="1" complexity="1">
              <lines />
            </method>
            <method name="Create" signature="(...)" line-rate="1" branch-rate="1" complexity="1">
              <lines />
            </method>
            <method name="Create&lt;TOld&gt;" signature="(...)" line-rate="1" branch-rate="1" complexity="1">
              <lines />
            </method>
            <method name="Create&lt;TOld&gt;" signature="(...)" line-rate="1" branch-rate="1" complexity="1">
              <lines />
            </method>
            <method name="FluentValidation.IValidationRuleInternal&lt;T&gt;.AddDependentRules" signature="(...)" line-rate="1" branch-rate="1" complexity="2">
              <lines />
            </method>
          </methods>
          <lines />
        </class>
        <class name="FluentValidation.Internal.RuleBase.&lt;&gt;c__DisplayClass42_0&lt;T, TProperty, TValue&gt;" filename="/_/src/FluentValidation/Internal/RuleBase.cs" line-rate="1" branch-rate="1" complexity="NaN">
          <methods />
          <lines />
        </class>
        <class name="FluentValidation.Internal.RuleBase.&lt;&gt;c__DisplayClass43_0&lt;T, TProperty, TValue&gt;" filename="/_/src/FluentValidation/Internal/RuleBase.cs" line-rate="1" branch-rate="1" complexity="NaN">
          <methods />
          <lines />
        </class>
        <class name="FluentValidation.Internal.RuleBase.&lt;&gt;c__DisplayClass64_0&lt;T, TProperty, TValue&gt;" filename="/_/src/FluentValidation/Internal/RuleBase.cs" line-rate="1" branch-rate="1" complexity="NaN">
          <methods />
          <lines />
        </class>
        <class name="FluentValidation.Internal.RuleBase.&lt;&gt;c__DisplayClass65_0.&lt;&lt;ApplySharedAsyncCondition&gt;b__0&gt;d&lt;T, TProperty, TValue&gt;" filename="/_/src/FluentValidation/Internal/RuleBase.cs" line-rate="1" branch-rate="1" complexity="1">
          <methods>
            <method name="MoveNext" signature="()" line-rate="1" branch-rate="1" complexity="1">
              <lines />
            </method>
          </methods>
          <lines />
        </class>
        <class name="FluentValidation.Internal.RuleBase.&lt;&gt;c&lt;T, TProperty, TValue&gt;" filename="/_/src/FluentValidation/Internal/RuleBase.cs" line-rate="1" branch-rate="1" complexity="NaN">
          <methods />
          <lines />
        </class>
        <class name="FluentValidation.Internal.RuleBase&lt;T, TProperty, TValue&gt;" filename="/_/src/FluentValidation/Internal/RuleBase.cs" line-rate="1" branch-rate="1" complexity="73">
          <methods>
            <method name="get_Components" signature="()" line-rate="1" branch-rate="1" complexity="1">
              <lines />
            </method>
            <method name="FluentValidation.IValidationRule.get_Components" signature="()" line-rate="1" branch-rate="1" complexity="1">
              <lines />
            </method>
            <method name="get_Condition" signature="()" line-rate="1" branch-rate="1" complexity="1">
              <lines />
            </method>
            <method name="get_AsyncCondition" signature="()" line-rate="1" branch-rate="1" complexity="1">
              <lines />
            </method>
            <method name="get_Member" signature="()" line-rate="1" branch-rate="1" complexity="1">
              <lines />
            </method>
            <method name="get_PropertyFunc" signature="()" line-rate="1" branch-rate="1" complexity="1">
              <lines />
            </method>
            <method name="get_Expression" signature="()" line-rate="1" branch-rate="1" complexity="1">
              <lines />
            </method>
            <method name="SetDisplayName" signature="(...)" line-rate="1" branch-rate="1" complexity="1">
              <lines />
            </method>
            <method name="SetDisplayName" signature="(...)" line-rate="1" branch-rate="1" complexity="2">
              <lines />
            </method>
            <method name="get_RuleSets" signature="()" line-rate="1" branch-rate="1" complexity="1">
              <lines />
            </method>
            <method name="set_RuleSets" signature="(...)" line-rate="1" branch-rate="1" complexity="1">
              <lines />
            </method>
            <method name="get_Current" signature="()" line-rate="1" branch-rate="1" complexity="1">
              <lines />
            </method>
            <method name="get_TypeToValidate" signature="()" line-rate="1" branch-rate="1" complexity="1">
              <lines />
            </method>
            <method name="get_HasCondition" signature="()" line-rate="1" branch-rate="1" complexity="1">
              <lines />
            </method>
            <method name="get_HasAsyncCondition" signature="()" line-rate="1" branch-rate="1" complexity="1">
              <lines />
            </method>
            <method name="get_CascadeMode" signature="()" line-rate="1" branch-rate="1" complexity="1">
              <lines />
            </method>
            <method name="set_CascadeMode" signature="(...)" line-rate="1" branch-rate="1" complexity="4">
              <lines />
            </method>
            <method name=".ctor" signature="(...)" line-rate="1" branch-rate="1" complexity="1">
              <lines />
            </method>
            <method name="AddValidator" signature="(...)" line-rate="1" branch-rate="1" complexity="1">
              <lines />
            </method>
            <method name="AddAsyncValidator" signature="(...)" line-rate="1" branch-rate="1" complexity="1">
              <lines />
            </method>
            <method name="ClearValidators" signature="()" line-rate="1" branch-rate="1" complexity="1">
              <lines />
            </method>
            <method name="get_PropertyName" signature="()" line-rate="1" branch-rate="1" complexity="1">
              <lines />
            </method>
            <method name="set_PropertyName" signature="(...)" line-rate="1" branch-rate="1" complexity="1">
              <lines />
            </method>
            <method name="get_MessageBuilder" signature="()" line-rate="1" branch-rate="1" complexity="1">
              <lines />
            </method>
            <method name="set_MessageBuilder" signature="(...)" line-rate="1" branch-rate="1" complexity="1">
              <lines />
            </method>
            <method name="get_DependentRules" signature="()" line-rate="1" branch-rate="1" complexity="1">
              <lines />
            </method>
            <method name="set_DependentRules" signature="(...)" line-rate="1" branch-rate="1" complexity="1">
              <lines />
            </method>
            <method name="FluentValidation.IValidationRule.get_DependentRules" signature="()" line-rate="1" branch-rate="1" complexity="1">
              <lines />
            </method>
            <method name="FluentValidation.IValidationRule.GetDisplayName" signature="(...)" line-rate="1" branch-rate="1" complexity="2">
              <lines />
            </method>
            <method name="GetDisplayName" signature="(...)" line-rate="1" branch-rate="1" complexity="6">
              <lines />
            </method>
            <method name="ApplyCondition" signature="(...)" line-rate="1" branch-rate="1" complexity="8">
              <lines />
            </method>
            <method name="ApplyAsyncCondition" signature="(...)" line-rate="1" branch-rate="1" complexity="8">
              <lines />
            </method>
            <method name="ApplySharedCondition" signature="(...)" line-rate="1" branch-rate="1" complexity="2">
              <lines />
            </method>
            <method name="ApplySharedAsyncCondition" signature="(...)" line-rate="1" branch-rate="1" complexity="2">
              <lines />
            </method>
            <method name="FluentValidation.IValidationRule&lt;T&gt;.GetPropertyValue" signature="(...)" line-rate="1" branch-rate="1" complexity="1">
              <lines />
            </method>
            <method name="PrepareMessageFormatterForValidationError" signature="(...)" line-rate="1" branch-rate="1" complexity="4">
              <lines />
            </method>
[...]
            <line number="218" hits="0" branch="false" />
            <line number="220" hits="0" branch="false" />
            <line number="221" hits="0" branch="false" />
            <line number="223" hits="0" branch="false" />
            <line number="224" hits="0" branch="false" />
            <line number="225" hits="0" branch="false" />
            <line number="226" hits="0" branch="false" />
            <line number="227" hits="0" branch="false" />
            <line number="228" hits="0" branch="false" />
            <line number="229" hits="0" branch="false" />
            <line number="230" hits="0" branch="false" />
            <line number="231" hits="0" branch="false" />
            <line number="232" hits="0" branch="false" />
            <line number="234" hits="0" branch="false" />
            <line number="235" hits="0" branch="false" />
            <line number="237" hits="0" branch="false" />
            <line number="238" hits="0" branch="true" condition-coverage="0% (0/2)" />
            <line number="239" hits="0" branch="false" />
            <line number="245" hits="0" branch="false" />
            <line number="247" hits="0" branch="false" />
            <line number="248" hits="0" branch="false" />
            <line number="249" hits="0" branch="false" />
            <line number="251" hits="0" branch="false" />
            <line number="252" hits="0" branch="false" />
            <line number="255" hits="0" branch="false" />
            <line number="258" hits="0" branch="false" />
            <line number="259" hits="0" branch="true" condition-coverage="0% (0/2)" />
            <line number="260" hits="0" branch="false" />
            <line number="264" hits="0" branch="false" />
            <line number="266" hits="0" branch="false" />
            <line number="267" hits="0" branch="false" />
            <line number="269" hits="0" branch="false" />
            <line number="272" hits="0" branch="false" />
            <line number="275" hits="0" branch="false" />
            <line number="276" hits="0" branch="false" />
            <line number="281" hits="0" branch="false" />
            <line number="283" hits="0" branch="false" />
            <line number="284" hits="0" branch="false" />
            <line number="285" hits="0" branch="false" />
            <line number="286" hits="0" branch="false" />
            <line number="287" hits="0" branch="false" />
            <line number="288" hits="0" branch="false" />
            <line number="289" hits="0" branch="false" />
            <line number="290" hits="0" branch="false" />
            <line number="291" hits="0" branch="false" />
            <line number="292" hits="0" branch="false" />
            <line number="293" hits="0" branch="false" />
            <line number="294" hits="0" branch="false" />
            <line number="295" hits="0" branch="false" />
            <line number="296" hits="0" branch="false" />
            <line number="297" hits="0" branch="false" />
            <line number="298" hits="0" branch="false" />
            <line number="301" hits="0" branch="false" />
            <line number="304" hits="0" branch="false" />
            <line number="305" hits="0" branch="true" condition-coverage="0% (0/2)" />
            <line number="306" hits="0" branch="false" />
            <line number="311" hits="0" branch="false" />
            <line number="313" hits="0" branch="false" />
            <line number="314" hits="0" branch="false" />
            <line number="315" hits="0" branch="false" />
            <line number="316" hits="0" branch="false" />
            <line number="317" hits="0" branch="false" />
            <line number="318" hits="0" branch="false" />
            <line number="319" hits="0" branch="false" />
            <line number="320" hits="0" branch="false" />
            <line number="321" hits="0" branch="false" />
            <line number="322" hits="0" branch="false" />
            <line number="323" hits="0" branch="false" />
            <line number="324" hits="0" branch="false" />
            <line number="325" hits="0" branch="false" />
            <line number="326" hits="0" branch="false" />
            <line number="327" hits="0" branch="false" />
            <line number="328" hits="0" branch="false" />
            <line number="329" hits="0" branch="false" />
            <line number="332" hits="0" branch="false" />
            <line number="335" hits="0" branch="false" />
            <line number="336" hits="0" branch="false" />
            <line number="340" hits="0" branch="false" />
            <line number="342" hits="0" branch="false" />
            <line number="343" hits="0" branch="false" />
            <line number="344" hits="0" branch="false" />
            <line number="345" hits="0" branch="false" />
            <line number="346" hits="0" branch="false" />
            <line number="347" hits="0" branch="false" />
            <line number="348" hits="0" branch="false" />
            <line number="349" hits="0" branch="false" />
            <line number="350" hits="0" branch="false" />
            <line number="351" hits="0" branch="false" />
            <line number="352" hits="0" branch="false" />
            <line number="353" hits="0" branch="false" />
            <line number="355" hits="0" branch="false" />
            <line number="356" hits="0" branch="false" />
            <line number="359" hits="0" branch="false" />
            <line number="362" hits="0" branch="false" />
            <line number="363" hits="0" branch="true" condition-coverage="0% (0/2)" />
            <line number="364" hits="0" branch="false" />
            <line number="368" hits="0" branch="false" />
            <line number="370" hits="0" branch="false" />
            <line number="371" hits="0" branch="false" />
            <line number="372" hits="0" branch="false" />
            <line number="373" hits="0" branch="false" />
            <line number="376" hits="0" branch="false" />
            <line number="379" hits="0" branch="false" />
            <line number="380" hits="0" branch="true" condition-coverage="0% (0/2)" />
            <line number="381" hits="0" branch="false" />
            <line number="385" hits="0" branch="false" />
            <line number="387" hits="0" branch="false" />
            <line number="388" hits="0" branch="false" />
            <line number="389" hits="0" branch="false" />
            <line number="390" hits="0" branch="false" />
            <line number="391" hits="0" branch="false" />
            <line number="392" hits="0" branch="false" />
            <line number="393" hits="0" branch="false" />
            <line number="395" hits="0" branch="false" />
            <line number="396" hits="0" branch="false" />
            <line number="399" hits="0" branch="false" />
            <line number="402" hits="0" branch="false" />
            <line number="403" hits="0" branch="false" />
            <line number="404" hits="0" branch="false" />
            <line number="408" hits="0" branch="false" />
            <line number="410" hits="0" branch="false" />
            <line number="411" hits="0" branch="false" />
            <line number="412" hits="0" branch="false" />
            <line number="413" hits="0" branch="false" />
            <line number="414" hits="0" branch="false" />
            <line number="415" hits="0" branch="false" />
            <line number="417" hits="0" branch="false" />
            <line number="418" hits="0" branch="false" />
            <line number="421" hits="0" branch="false" />
            <line number="424" hits="0" branch="false" />
            <line number="425" hits="0" branch="false" />
            <line number="429" hits="0" branch="false" />
            <line number="431" hits="0" branch="false" />
            <line number="432" hits="0" branch="false" />
            <line number="433" hits="0" branch="false" />
            <line number="436" hits="0" branch="false" />
            <line number="439" hits="0" branch="false" />
            <line number="440" hits="0" branch="false" />
            <line number="444" hits="0" branch="false" />
            <line number="446" hits="0" branch="false" />
            <line number="447" hits="0" branch="false" />
            <line number="448" hits="0" branch="false" />
            <line number="449" hits="0" branch="false" />
            <line number="451" hits="0" branch="false" />
            <line number="452" hits="0" branch="false" />
            <line number="453" hits="0" branch="false" />
            <line number="456" hits="0" branch="false" />
            <line number="459" hits="0" branch="false" />
            <line number="460" hits="0" branch="false" />
            <line number="461" hits="0" branch="false" />
            <line number="465" hits="0" branch="false" />
            <line number="467" hits="0" branch="false" />
            <line number="468" hits="0" branch="false" />
            <line number="469" hits="0" branch="false" />
            <line number="472" hits="0" branch="false" />
            <line number="475" hits="0" branch="false" />
            <line number="476" hits="0" branch="false" />
            <line number="480" hits="0" branch="false" />
            <line number="482" hits="0" branch="false" />
            <line number="483" hits="0" branch="false" />
            <line number="484" hits="0" branch="false" />
            <line number="485" hits="0" branch="false" />
            <line number="486" hits="0" branch="false" />
            <line number="487" hits="0" branch="false" />
            <line number="488" hits="0" branch="false" />
            <line number="489" hits="0" branch="false" />
            <line number="490" hits="0" branch="false" />
            <line number="491" hits="0" branch="false" />
            <line number="492" hits="0" branch="false" />
            <line number="493" hits="0" branch="false" />
            <line number="494" hits="0" branch="false" />
            <line number="496" hits="0" branch="false" />
            <line number="497" hits="0" branch="false" />
            <line number="500" hits="0" branch="false" />
            <line number="503" hits="0" branch="false" />
            <line number="504" hits="0" branch="false" />
            <line number="508" hits="0" branch="false" />
            <line number="510" hits="0" branch="false" />
            <line number="511" hits="0" branch="false" />
            <line number="512" hits="0" branch="false" />
            <line number="513" hits="0" branch="false" />
            <line number="516" hits="0" branch="false" />
            <line number="519" hits="0" branch="false" />
            <line number="520" hits="0" branch="false" />
            <line number="524" hits="0" branch="false" />
            <line number="526" hits="0" branch="false" />
            <line number="527" hits="0" branch="false" />
            <line number="528" hits="0" branch="false" />
            <line number="529" hits="0" branch="false" />
            <line number="530" hits="0" branch="false" />
            <line number="531" hits="0" branch="false" />
            <line number="533" hits="0" branch="false" />
            <line number="534" hits="0" branch="false" />
            <line number="537" hits="0" branch="false" />
            <line number="540" hits="0" branch="false" />
            <line number="541" hits="0" branch="false" />
            <line number="542" hits="0" branch="false" />
            <line number="546" hits="0" branch="false" />
            <line number="548" hits="0" branch="false" />
            <line number="549" hits="0" branch="false" />
            <line number="550" hits="0" branch="false" />
            <line number="553" hits="0" branch="false" />
            <line number="556" hits="0" branch="false" />
            <line number="557" hits="0" branch="false" />
            <line number="567" hits="1" branch="false" />
            <line number="569" hits="1" branch="false" />
            <line number="570" hits="1" branch="false" />
            <line number="571" hits="1" branch="false" />
            <line number="574" hits="1" branch="false" />
            <line number="577" hits="1" branch="false" />
            <line number="578" hits="1" branch="false" />
            <line number="582" hits="0" branch="false" />
            <line number="584" hits="0" branch="false" />
            <line number="585" hits="0" branch="false" />
            <line number="586" hits="0" branch="true" condition-coverage="0% (0/2)" />
            <line number="587" hits="0" branch="false" />
            <line number="589" hits="0" branch="false" />
            <line number="592" hits="0" branch="false" />
            <line number="593" hits="0" branch="false" />
            <line number="597" hits="0" branch="false" />
            <line number="599" hits="0" branch="false" />
            <line number="600" hits="0" branch="false" />
            <line number="601" hits="0" branch="true" condition-coverage="0% (0/2)" />
            <line number="602" hits="0" branch="false" />
            <line number="604" hits="0" branch="false" />
            <line number="607" hits="0" branch="false" />
            <line number="608" hits="0" branch="false" />
            <line number="612" hits="0" branch="false" />
            <line number="614" hits="0" branch="false" />
            <line number="615" hits="0" branch="false" />
            <line number="616" hits="0" branch="true" condition-coverage="0% (0/2)" />
            <line number="617" hits="0" branch="false" />
            <line number="619" hits="0" branch="false" />
            <line number="622" hits="0" branch="false" />
            <line number="623" hits="0" branch="false" />
            <line number="627" hits="0" branch="false" />
            <line number="629" hits="0" branch="false" />
            <line number="630" hits="0" branch="false" />
            <line number="631" hits="0" branch="true" condition-coverage="0% (0/2)" />
            <line number="632" hits="0" branch="false" />
            <line number="634" hits="0" branch="false" />
            <line number="636" hits="0" branch="false" />
            <line number="637" hits="0" branch="false" />
            <line number="641" hits="0" branch="false" />
            <line number="643" hits="0" branch="false" />
            <line number="644" hits="0" branch="false" />
            <line number="645" hits="0" branch="true" condition-coverage="0% (0/2)" />
            <line number="646" hits="0" branch="false" />
            <line number="648" hits="0" branch="false" />
            <line number="650" hits="0" branch="false" />
            <line number="651" hits="0" branch="false" />
            <line number="657" hits="0" branch="false" />
            <line number="659" hits="0" branch="false" />
            <line number="660" hits="0" branch="true" condition-coverage="0% (0/2)" />
            <line number="661" hits="0" branch="false" />
            <line number="663" hits="0" branch="false" />
            <line number="665" hits="0" branch="false" />
            <line number="666" hits="0" branch="false" />
            <line number="667" hits="0" branch="false" />
            <line number="668" hits="0" branch="false" />
            <line number="672" hits="0" branch="false" />
            <line number="674" hits="0" branch="false" />
            <line number="675" hits="0" branch="false" />
            <line number="676" hits="0" branch="false" />
            <line number="677" hits="0" branch="false" />
            <line number="678" hits="0" branch="false" />
            <line number="679" hits="0" branch="false" />
            <line number="681" hits="0" branch="false" />
            <line number="682" hits="0" branch="false" />
            <line number="685" hits="0" branch="false" />
            <line number="688" hits="0" branch="false" />
            <line number="689" hits="0" branch="false" />
            <line number="690" hits="0" branch="false" />
            <line number="691" hits="0" branch="false" />
            <line number="692" hits="0" branch="false" />
            <line number="695" hits="0" branch="false" />
            <line number="696" hits="0" branch="false" />
            <line number="697" hits="0" branch="false" />
            <line number="699" hits="0" branch="false" />
            <line number="700" hits="0" branch="false" />
            <line number="701" hits="0" branch="false" />
            <line number="703" hits="0" branch="false" />
            <line number="704" hits="0" branch="false" />
            <line number="705" hits="0" branch="false" />
            <line number="709" hits="0" branch="false" />
            <line number="711" hits="0" branch="false" />
            <line number="712" hits="0" branch="false" />
            <line number="713" hits="0" branch="false" />
            <line number="715" hits="0" branch="false" />
            <line number="716" hits="0" branch="false" />
            <line number="717" hits="0" branch="false" />
            <line number="719" hits="0" branch="false" />
            <line number="722" hits="0" branch="false" />
            <line number="723" hits="0" branch="false" />
            <line number="724" hits="0" branch="false" />
            <line number="725" hits="0" branch="false" />
            <line number="726" hits="0" branch="false" />
            <line number="727" hits="0" branch="false" />
            <line number="728" hits="0" branch="false" />
            <line number="732" hits="0" branch="false" />
            <line number="734" hits="0" branch="false" />
            <line number="735" hits="0" branch="false" />
            <line number="736" hits="0" branch="false" />
            <line number="738" hits="0" branch="false" />
            <line number="739" hits="0" branch="false" />
            <line number="740" hits="0" branch="false" />
            <line number="742" hits="0" branch="false" />
            <line number="745" hits="0" branch="false" />
            <line number="746" hits="0" branch="false" />
            <line number="747" hits="0" branch="false" />
            <line number="748" hits="0" branch="false" />
            <line number="749" hits="0" branch="false" />
            <line number="750" hits="0" branch="false" />
            <line number="751" hits="0" branch="false" />
            <line number="755" hits="0" branch="false" />
            <line number="757" hits="0" branch="false" />
            <line number="758" hits="0" branch="false" />
            <line number="759" hits="0" branch="false" />
            <line number="761" hits="0" branch="false" />
            <line number="762" hits="0" branch="false" />
            <line number="763" hits="0" branch="false" />
            <line number="766" hits="0" branch="false" />
            <line number="769" hits="0" branch="false" />
            <line number="770" hits="0" branch="false" />
            <line number="771" hits="0" branch="false" />
            <line number="772" hits="0" branch="false" />
            <line number="773" hits="0" branch="false" />
            <line number="774" hits="0" branch="false" />
            <line number="777" hits="0" branch="false" />
            <line number="778" hits="0" branch="false" />
            <line number="779" hits="0" branch="false" />
            <line number="781" hits="1" branch="false" />
            <line number="782" hits="1" branch="false" />
            <line number="783" hits="1" branch="false" />
            <line number="786" hits="1" branch="false" />
            <line number="787" hits="1" branch="false" />
            <line number="788" hits="1" branch="false" />
          </lines>
        </class>
      </classes>
    </package>
  </packages>
</coverage>